This is pdfTeX, Version 3.14159265-2.6-1.40.21 (TeX Live 2020) (preloaded format=pdflatex 2020.8.10)  23 OCT 2020 17:47
entering extended mode
 restricted \write18 enabled.
 %&-line parsing enabled.
**kidbookgender_psych_sci.tex
(./kidbookgender_psych_sci.tex
LaTeX2e <2020-02-02> patch level 5
L3 programming layer <2020-05-05> (/Users/mollylewis/Library/TinyTeX/texmf-dist
/tex/latex/apa6/apa6.cls
Document Class: apa6 2020/01/13 v2.34 APA formatting (6th edition)
(/Users/mollylewis/Library/TinyTeX/texmf-dist/tex/latex/base/article.cls
Document Class: article 2019/12/20 v1.4l Standard LaTeX document class
(/Users/mollylewis/Library/TinyTeX/texmf-dist/tex/latex/base/size12.clo
File: size12.clo 2019/12/20 v1.4l Standard LaTeX file (size option)
)
\c@part=\count167
\c@section=\count168
\c@subsection=\count169
\c@subsubsection=\count170
\c@paragraph=\count171
\c@subparagraph=\count172
\c@figure=\count173
\c@table=\count174
\abovecaptionskip=\skip47
\belowcaptionskip=\skip48
\bibindent=\dimen134
) (/Users/mollylewis/Library/TinyTeX/texmf-dist/tex/latex/etoolbox/etoolbox.sty
Package: etoolbox 2019/09/21 v2.5h e-TeX tools for LaTeX (JAW)
\etb@tempcnta=\count175
)
Class apa6 Info: No bibliography package was specified; defaulting to (but not 
loading) Biblatex on input line 213.
(/Users/mollylewis/Library/TinyTeX/texmf-dist/tex/latex/lm/lmodern.sty
Package: lmodern 2009/10/30 v1.6 Latin Modern Fonts
LaTeX Font Info:    Overwriting symbol font `operators' in version `normal'
(Font)                  OT1/cmr/m/n --> OT1/lmr/m/n on input line 22.
LaTeX Font Info:    Overwriting symbol font `letters' in version `normal'
(Font)                  OML/cmm/m/it --> OML/lmm/m/it on input line 23.
LaTeX Font Info:    Overwriting symbol font `symbols' in version `normal'
(Font)                  OMS/cmsy/m/n --> OMS/lmsy/m/n on input line 24.
LaTeX Font Info:    Overwriting symbol font `largesymbols' in version `normal'
(Font)                  OMX/cmex/m/n --> OMX/lmex/m/n on input line 25.
LaTeX Font Info:    Overwriting symbol font `operators' in version `bold'
(Font)                  OT1/cmr/bx/n --> OT1/lmr/bx/n on input line 26.
LaTeX Font Info:    Overwriting symbol font `letters' in version `bold'
(Font)                  OML/cmm/b/it --> OML/lmm/b/it on input line 27.
LaTeX Font Info:    Overwriting symbol font `symbols' in version `bold'
(Font)                  OMS/cmsy/b/n --> OMS/lmsy/b/n on input line 28.
LaTeX Font Info:    Overwriting symbol font `largesymbols' in version `bold'
(Font)                  OMX/cmex/m/n --> OMX/lmex/m/n on input line 29.
LaTeX Font Info:    Overwriting math alphabet `\mathbf' in version `normal'
(Font)                  OT1/cmr/bx/n --> OT1/lmr/bx/n on input line 31.
LaTeX Font Info:    Overwriting math alphabet `\mathsf' in version `normal'
(Font)                  OT1/cmss/m/n --> OT1/lmss/m/n on input line 32.
LaTeX Font Info:    Overwriting math alphabet `\mathit' in version `normal'
(Font)                  OT1/cmr/m/it --> OT1/lmr/m/it on input line 33.
LaTeX Font Info:    Overwriting math alphabet `\mathtt' in version `normal'
(Font)                  OT1/cmtt/m/n --> OT1/lmtt/m/n on input line 34.
LaTeX Font Info:    Overwriting math alphabet `\mathbf' in version `bold'
(Font)                  OT1/cmr/bx/n --> OT1/lmr/bx/n on input line 35.
LaTeX Font Info:    Overwriting math alphabet `\mathsf' in version `bold'
(Font)                  OT1/cmss/bx/n --> OT1/lmss/bx/n on input line 36.
LaTeX Font Info:    Overwriting math alphabet `\mathit' in version `bold'
(Font)                  OT1/cmr/bx/it --> OT1/lmr/bx/it on input line 37.
LaTeX Font Info:    Overwriting math alphabet `\mathtt' in version `bold'
(Font)                  OT1/cmtt/m/n --> OT1/lmtt/m/n on input line 38.
) (/Users/mollylewis/Library/TinyTeX/texmf-dist/tex/latex/base/fontenc.sty
Package: fontenc 2020/02/11 v2.0o Standard LaTeX package
LaTeX Font Info:    Trying to load font information for T1+lmr on input line 11
2.
(/Users/mollylewis/Library/TinyTeX/texmf-dist/tex/latex/lm/t1lmr.fd
File: t1lmr.fd 2009/10/30 v1.6 Font defs for Latin Modern
)) (/Users/mollylewis/Library/TinyTeX/texmf-dist/tex/latex/geometry/geometry.st
y
Package: geometry 2020/01/02 v5.9 Page Geometry
(/Users/mollylewis/Library/TinyTeX/texmf-dist/tex/latex/graphics/keyval.sty
Package: keyval 2014/10/28 v1.15 key=value parser (DPC)
\KV@toks@=\toks15
) (/Users/mollylewis/Library/TinyTeX/texmf-dist/tex/generic/iftex/ifvtex.sty
Package: ifvtex 2019/10/25 v1.7 ifvtex legacy package. Use iftex instead.
(/Users/mollylewis/Library/TinyTeX/texmf-dist/tex/generic/iftex/iftex.sty
Package: iftex 2020/03/06 v1.0d TeX engine tests
))
\Gm@cnth=\count176
\Gm@cntv=\count177
\c@Gm@tempcnt=\count178
\Gm@bindingoffset=\dimen135
\Gm@wd@mp=\dimen136
\Gm@odd@mp=\dimen137
\Gm@even@mp=\dimen138
\Gm@layoutwidth=\dimen139
\Gm@layoutheight=\dimen140
\Gm@layouthoffset=\dimen141
\Gm@layoutvoffset=\dimen142
\Gm@dimlist=\toks16
) (/Users/mollylewis/Library/TinyTeX/texmf-dist/tex/latex/graphics/graphicx.sty
Package: graphicx 2019/11/30 v1.2a Enhanced LaTeX Graphics (DPC,SPQR)
(/Users/mollylewis/Library/TinyTeX/texmf-dist/tex/latex/graphics/graphics.sty
Package: graphics 2019/11/30 v1.4a Standard LaTeX Graphics (DPC,SPQR)
(/Users/mollylewis/Library/TinyTeX/texmf-dist/tex/latex/graphics/trig.sty
Package: trig 2016/01/03 v1.10 sin cos tan (DPC)
)
(/Users/mollylewis/Library/TinyTeX/texmf-dist/tex/latex/graphics-cfg/graphics.c
fg
File: graphics.cfg 2016/06/04 v1.11 sample graphics configuration
)
Package graphics Info: Driver file: pdftex.def on input line 105.

(/Users/mollylewis/Library/TinyTeX/texmf-dist/tex/latex/graphics-def/pdftex.def
File: pdftex.def 2018/01/08 v1.0l Graphics/color driver for pdftex
))
\Gin@req@height=\dimen143
\Gin@req@width=\dimen144
) (/Users/mollylewis/Library/TinyTeX/texmf-dist/tex/latex/booktabs/booktabs.sty
Package: booktabs 2020/01/12 v1.61803398 Publication quality tables
\heavyrulewidth=\dimen145
\lightrulewidth=\dimen146
\cmidrulewidth=\dimen147
\belowrulesep=\dimen148
\belowbottomsep=\dimen149
\aboverulesep=\dimen150
\abovetopsep=\dimen151
\cmidrulesep=\dimen152
\cmidrulekern=\dimen153
\defaultaddspace=\dimen154
\@cmidla=\count179
\@cmidlb=\count180
\@aboverulesep=\dimen155
\@belowrulesep=\dimen156
\@thisruleclass=\count181
\@lastruleclass=\count182
\@thisrulewidth=\dimen157
)
(/Users/mollylewis/Library/TinyTeX/texmf-dist/tex/latex/threeparttable/threepar
ttable.sty
Package: threeparttable 2003/06/13  v 3.0
\@tempboxb=\box45
)
\b@level@one@skip=\skip49
\e@level@one@skip=\skip50
\b@level@two@skip=\skip51
\e@level@two@skip=\skip52
\b@level@three@skip=\skip53
\e@level@three@skip=\skip54
\b@level@four@skip=\skip55
\e@level@four@skip=\skip56
\b@level@five@skip=\skip57
\e@level@five@skip=\skip58
(/Users/mollylewis/Library/TinyTeX/texmf-dist/tex/latex/caption/caption.sty
Package: caption 2020/01/03 v3.4h Customizing captions (AR)
(/Users/mollylewis/Library/TinyTeX/texmf-dist/tex/latex/caption/caption3.sty
Package: caption3 2020/01/03 v1.8h caption3 kernel (AR)
Package caption3 Info: TeX engine: e-TeX on input line 61.
\captionmargin=\dimen158
\captionmargin@=\dimen159
\captionwidth=\dimen160
\caption@tempdima=\dimen161
\caption@indent=\dimen162
\caption@parindent=\dimen163
\caption@hangindent=\dimen164
Package caption Info: Standard document class detected.
)
\c@caption@flags=\count183
\c@continuedfloat=\count184
Package caption Info: threeparttable package is loaded.
)
\c@APAenum=\count185
\@text@par@indent=\skip59
\gr@box=\box46
\gr@boxwidth=\skip60
\gr@boxheight=\skip61
(/Users/mollylewis/Library/TinyTeX/texmf-dist/tex/latex/tools/bm.sty
Package: bm 2019/07/24 v1.2d Bold Symbol Support (DPC/FMi)
\symboldoperators=\mathgroup4
\symboldletters=\mathgroup5
\symboldsymbols=\mathgroup6
LaTeX Font Info:    Redeclaring math alphabet \mathbf on input line 141.
LaTeX Info: Redefining \bm on input line 209.
)
\c@appendix=\count186
(/Users/mollylewis/Library/TinyTeX/texmf-dist/tex/latex/fancyhdr/fancyhdr.sty
Package: fancyhdr 2019/01/31 v3.10 Extensive control of page headers and footer
s
\f@nch@headwidth=\skip62
\f@nch@O@elh=\skip63
\f@nch@O@erh=\skip64
\f@nch@O@olh=\skip65
\f@nch@O@orh=\skip66
\f@nch@O@elf=\skip67
\f@nch@O@erf=\skip68
\f@nch@O@olf=\skip69
\f@nch@O@orf=\skip70
) (/Users/mollylewis/Library/TinyTeX/texmf-dist/tex/latex/endfloat/endfloat.sty
Package: endfloat 2019/04/15 v2.7 LaTeX2e package puts figures and tables at en
d (jdm)
\c@posttable=\count187
\efloat@postttt=\write3
\@ef@tttopen=\count188
\c@postfigure=\count189
\efloat@postfff=\write4
\@ef@fffopen=\count190
) (/Users/mollylewis/Library/TinyTeX/texmf-dist/tex/latex/float/float.sty
Package: float 2001/11/08 v1.3d Float enhancements (AL)
\c@float@type=\count191
\float@exts=\toks17
\float@box=\box47
\@float@everytoks=\toks18
\@floatcapt=\box48
)) (/Users/mollylewis/Library/TinyTeX/texmf-dist/tex/latex/amsfonts/amssymb.sty
Package: amssymb 2013/01/14 v3.01 AMS font symbols
(/Users/mollylewis/Library/TinyTeX/texmf-dist/tex/latex/amsfonts/amsfonts.sty
Package: amsfonts 2013/01/14 v3.01 Basic AMSFonts support
\@emptytoks=\toks19
\symAMSa=\mathgroup7
\symAMSb=\mathgroup8
LaTeX Font Info:    Redeclaring math symbol \hbar on input line 98.
LaTeX Font Info:    Overwriting math alphabet `\mathfrak' in version `bold'
(Font)                  U/euf/m/n --> U/euf/b/n on input line 106.
)) (/Users/mollylewis/Library/TinyTeX/texmf-dist/tex/latex/amsmath/amsmath.sty
Package: amsmath 2020/01/20 v2.17e AMS math features
\@mathmargin=\skip71
For additional information on amsmath, use the `?' option.
(/Users/mollylewis/Library/TinyTeX/texmf-dist/tex/latex/amsmath/amstext.sty
Package: amstext 2000/06/29 v2.01 AMS text
(/Users/mollylewis/Library/TinyTeX/texmf-dist/tex/latex/amsmath/amsgen.sty
File: amsgen.sty 1999/11/30 v2.0 generic functions
\@emptytoks=\toks20
\ex@=\dimen165
)) (/Users/mollylewis/Library/TinyTeX/texmf-dist/tex/latex/amsmath/amsbsy.sty
Package: amsbsy 1999/11/29 v1.2d Bold Symbols
LaTeX Info: Redefining \boldsymbol on input line 28.
\pmbraise@=\dimen166
) (/Users/mollylewis/Library/TinyTeX/texmf-dist/tex/latex/amsmath/amsopn.sty
Package: amsopn 2016/03/08 v2.02 operator names
)
\inf@bad=\count192
LaTeX Info: Redefining \frac on input line 227.
\uproot@=\count193
\leftroot@=\count194
LaTeX Info: Redefining \overline on input line 389.
\classnum@=\count195
\DOTSCASE@=\count196
LaTeX Info: Redefining \ldots on input line 486.
LaTeX Info: Redefining \dots on input line 489.
LaTeX Info: Redefining \cdots on input line 610.
\Mathstrutbox@=\box49
\strutbox@=\box50
\big@size=\dimen167
LaTeX Font Info:    Redeclaring font encoding OML on input line 733.
LaTeX Font Info:    Redeclaring font encoding OMS on input line 734.
\macc@depth=\count197
\c@MaxMatrixCols=\count198
\dotsspace@=\muskip16
\c@parentequation=\count199
\dspbrk@lvl=\count266
\tag@help=\toks21
\row@=\count267
\column@=\count268
\maxfields@=\count269
\andhelp@=\toks22
\eqnshift@=\dimen168
\alignsep@=\dimen169
\tagshift@=\dimen170
\tagwidth@=\dimen171
\totwidth@=\dimen172
\lineht@=\dimen173
\@envbody=\toks23
\multlinegap=\skip72
\multlinetaggap=\skip73
\mathdisplay@stack=\toks24
LaTeX Info: Redefining \[ on input line 2859.
LaTeX Info: Redefining \] on input line 2860.
) (/Users/mollylewis/Library/TinyTeX/texmf-dist/tex/generic/iftex/ifxetex.sty
Package: ifxetex 2019/10/25 v0.7 ifxetex legacy package. Use iftex instead.
) (/Users/mollylewis/Library/TinyTeX/texmf-dist/tex/generic/iftex/ifluatex.sty
Package: ifluatex 2019/10/25 v1.5 ifluatex legacy package. Use iftex instead.
) (/Users/mollylewis/Library/TinyTeX/texmf-dist/tex/latex/base/fontenc.sty
Package: fontenc 2020/02/11 v2.0o Standard LaTeX package
) (/Users/mollylewis/Library/TinyTeX/texmf-dist/tex/latex/base/inputenc.sty
Package: inputenc 2018/08/11 v1.3c Input encoding file
\inpenc@prehook=\toks25
\inpenc@posthook=\toks26
) (/Users/mollylewis/Library/TinyTeX/texmf-dist/tex/latex/base/textcomp.sty
Package: textcomp 2020/02/02 v2.0n Standard LaTeX package
) (/Users/mollylewis/Library/TinyTeX/texmf-dist/tex/latex/upquote/upquote.sty
Package: upquote 2012/04/19 v1.3 upright-quote and grave-accent glyphs in verba
tim
) (/Users/mollylewis/Library/TinyTeX/texmf-dist/tex/latex/parskip/parskip.sty
Package: parskip 2020-01-22 v2.0d non-zero parskip adjustments

(/Users/mollylewis/Library/TinyTeX/texmf-dist/tex/latex/kvoptions/kvoptions.sty
Package: kvoptions 2019/11/29 v3.13 Key value format for package options (HO)
(/Users/mollylewis/Library/TinyTeX/texmf-dist/tex/generic/ltxcmds/ltxcmds.sty
Package: ltxcmds 2019/12/15 v1.24 LaTeX kernel commands for general use (HO)
)
(/Users/mollylewis/Library/TinyTeX/texmf-dist/tex/generic/kvsetkeys/kvsetkeys.s
ty
Package: kvsetkeys 2019/12/15 v1.18 Key value parser (HO)
))) (/Users/mollylewis/Library/TinyTeX/texmf-dist/tex/latex/xcolor/xcolor.sty
Package: xcolor 2016/05/11 v2.12 LaTeX color extensions (UK)
(/Users/mollylewis/Library/TinyTeX/texmf-dist/tex/latex/graphics-cfg/color.cfg
File: color.cfg 2016/01/02 v1.6 sample color configuration
)
Package xcolor Info: Driver file: pdftex.def on input line 225.
Package xcolor Info: Model `cmy' substituted by `cmy0' on input line 1348.
Package xcolor Info: Model `hsb' substituted by `rgb' on input line 1352.
Package xcolor Info: Model `RGB' extended on input line 1364.
Package xcolor Info: Model `HTML' substituted by `rgb' on input line 1366.
Package xcolor Info: Model `Hsb' substituted by `hsb' on input line 1367.
Package xcolor Info: Model `tHsb' substituted by `hsb' on input line 1368.
Package xcolor Info: Model `HSB' substituted by `hsb' on input line 1369.
Package xcolor Info: Model `Gray' substituted by `gray' on input line 1370.
Package xcolor Info: Model `wave' substituted by `hsb' on input line 1371.
) (/Users/mollylewis/Library/TinyTeX/texmf-dist/tex/latex/hyperref/hyperref.sty
Package: hyperref 2020/01/14 v7.00d Hypertext links for LaTeX

(/Users/mollylewis/Library/TinyTeX/texmf-dist/tex/latex/pdftexcmds/pdftexcmds.s
ty
Package: pdftexcmds 2019/11/24 v0.31 Utility functions of pdfTeX for LuaTeX (HO
)

(/Users/mollylewis/Library/TinyTeX/texmf-dist/tex/generic/infwarerr/infwarerr.s
ty
Package: infwarerr 2019/12/03 v1.5 Providing info/warning/error messages (HO)
)
Package pdftexcmds Info: \pdf@primitive is available.
Package pdftexcmds Info: \pdf@ifprimitive is available.
Package pdftexcmds Info: \pdfdraftmode found.
)
(/Users/mollylewis/Library/TinyTeX/texmf-dist/tex/generic/kvdefinekeys/kvdefine
keys.sty
Package: kvdefinekeys 2019-12-19 v1.6 Define keys (HO)
)
(/Users/mollylewis/Library/TinyTeX/texmf-dist/tex/generic/pdfescape/pdfescape.s
ty
Package: pdfescape 2019/12/09 v1.15 Implements pdfTeX's escape features (HO)
) (/Users/mollylewis/Library/TinyTeX/texmf-dist/tex/latex/hycolor/hycolor.sty
Package: hycolor 2020-01-27 v1.10 Color options for hyperref/bookmark (HO)
)
(/Users/mollylewis/Library/TinyTeX/texmf-dist/tex/latex/letltxmacro/letltxmacro
.sty
Package: letltxmacro 2019/12/03 v1.6 Let assignment for LaTeX macros (HO)
) (/Users/mollylewis/Library/TinyTeX/texmf-dist/tex/latex/auxhook/auxhook.sty
Package: auxhook 2019-12-17 v1.6 Hooks for auxiliary files (HO)
)
\@linkdim=\dimen174
\Hy@linkcounter=\count270
\Hy@pagecounter=\count271
(/Users/mollylewis/Library/TinyTeX/texmf-dist/tex/latex/hyperref/pd1enc.def
File: pd1enc.def 2020/01/14 v7.00d Hyperref: PDFDocEncoding definition (HO)
Now handling font encoding PD1 ...
... no UTF-8 mapping file for font encoding PD1
) (/Users/mollylewis/Library/TinyTeX/texmf-dist/tex/generic/intcalc/intcalc.sty
Package: intcalc 2019/12/15 v1.3 Expandable calculations with integers (HO)
)
(/Users/mollylewis/Library/TinyTeX/texmf-dist/tex/generic/etexcmds/etexcmds.sty
Package: etexcmds 2019/12/15 v1.7 Avoid name clashes with e-TeX commands (HO)
)
\Hy@SavedSpaceFactor=\count272
Package hyperref Info: Option `unicode' set `true' on input line 4421.
(/Users/mollylewis/Library/TinyTeX/texmf-dist/tex/latex/hyperref/puenc.def
File: puenc.def 2020/01/14 v7.00d Hyperref: PDF Unicode definition (HO)
Now handling font encoding PU ...
... no UTF-8 mapping file for font encoding PU
)
Package hyperref Info: Hyper figures OFF on input line 4547.
Package hyperref Info: Link nesting OFF on input line 4552.
Package hyperref Info: Hyper index ON on input line 4555.
Package hyperref Info: Plain pages OFF on input line 4562.
Package hyperref Info: Backreferencing OFF on input line 4567.
Package hyperref Info: Implicit mode ON; LaTeX internals redefined.
Package hyperref Info: Bookmarks ON on input line 4800.
\c@Hy@tempcnt=\count273
(/Users/mollylewis/Library/TinyTeX/texmf-dist/tex/latex/url/url.sty
\Urlmuskip=\muskip17
Package: url 2013/09/16  ver 3.4  Verb mode for urls, etc.
)
LaTeX Info: Redefining \url on input line 5159.
\XeTeXLinkMargin=\dimen175
(/Users/mollylewis/Library/TinyTeX/texmf-dist/tex/generic/bitset/bitset.sty
Package: bitset 2019/12/09 v1.3 Handle bit-vector datatype (HO)

(/Users/mollylewis/Library/TinyTeX/texmf-dist/tex/generic/bigintcalc/bigintcalc
.sty
Package: bigintcalc 2019/12/15 v1.5 Expandable calculations on big integers (HO
)
))
\Fld@menulength=\count274
\Field@Width=\dimen176
\Fld@charsize=\dimen177
Package hyperref Info: Hyper figures OFF on input line 6430.
Package hyperref Info: Link nesting OFF on input line 6435.
Package hyperref Info: Hyper index ON on input line 6438.
Package hyperref Info: backreferencing OFF on input line 6445.
Package hyperref Info: Link coloring OFF on input line 6450.
Package hyperref Info: Link coloring with OCG OFF on input line 6455.
Package hyperref Info: PDF/A mode OFF on input line 6460.
LaTeX Info: Redefining \ref on input line 6500.
LaTeX Info: Redefining \pageref on input line 6504.

(/Users/mollylewis/Library/TinyTeX/texmf-dist/tex/generic/atbegshi/atbegshi.sty
Package: atbegshi 2019/12/05 v1.19 At begin shipout hook (HO)
)
\Hy@abspage=\count275
\c@Item=\count276
\c@Hfootnote=\count277
)
Package hyperref Info: Driver (autodetected): hpdftex.
(/Users/mollylewis/Library/TinyTeX/texmf-dist/tex/latex/hyperref/hpdftex.def
File: hpdftex.def 2020/01/14 v7.00d Hyperref driver for pdfTeX

(/Users/mollylewis/Library/TinyTeX/texmf-dist/tex/latex/atveryend/atveryend.sty
Package: atveryend 2019-12-11 v1.11 Hooks at the very end of document (HO)
)
\Fld@listcount=\count278
\c@bookmark@seq@number=\count279

(/Users/mollylewis/Library/TinyTeX/texmf-dist/tex/latex/rerunfilecheck/rerunfil
echeck.sty
Package: rerunfilecheck 2019/12/05 v1.9 Rerun checks for auxiliary files (HO)

(/Users/mollylewis/Library/TinyTeX/texmf-dist/tex/generic/uniquecounter/uniquec
ounter.sty
Package: uniquecounter 2019/12/15 v1.4 Provide unlimited unique counter (HO)
)
Package uniquecounter Info: New unique counter `rerunfilecheck' on input line 2
86.
)
\Hy@SectionHShift=\skip74
) (/Users/mollylewis/Library/TinyTeX/texmf-dist/tex/latex/grffile/grffile.sty
Package: grffile 2019/11/11 v2.1 Extended file name support for graphics (legac
y)
Package grffile Info: This package is an empty stub for compatibility on input 
line 40.
) (/Users/mollylewis/Library/TinyTeX/texmf-dist/tex/latex/csquotes/csquotes.sty
Package: csquotes 2019-12-06 v5.2j context-sensitive quotations (JAW)
\csq@reset=\count280
\csq@gtype=\count281
\csq@glevel=\count282
\csq@qlevel=\count283
\csq@maxlvl=\count284
\csq@tshold=\count285
\csq@ltx@everypar=\toks27
(/Users/mollylewis/Library/TinyTeX/texmf-dist/tex/latex/csquotes/csquotes.def
File: csquotes.def 2019-12-06 v5.2j csquotes generic definitions (JAW)
)
Package csquotes Info: Trying to load configuration file 'csquotes.cfg'...
Package csquotes Info: ... configuration file loaded successfully.
(/Users/mollylewis/Library/TinyTeX/texmf-dist/tex/latex/csquotes/csquotes.cfg
File: csquotes.cfg 
)) (/Users/mollylewis/Library/TinyTeX/texmf-dist/tex/latex/was/upgreek.sty
Package: upgreek 2003/02/12 v2.0 (WaS)
Package upgreek Info: Using Euler Roman for upright Greek on input line 31.
\symugrf@m=\mathgroup9
LaTeX Font Info:    Overwriting symbol font `ugrf@m' in version `bold'
(Font)                  U/eur/m/n --> U/eur/b/n on input line 38.
) (/Users/mollylewis/Library/TinyTeX/texmf-dist/tex/latex/tools/longtable.sty
Package: longtable 2020/01/07 v4.13 Multi-page Table package (DPC)
\LTleft=\skip75
\LTright=\skip76
\LTpre=\skip77
\LTpost=\skip78
\LTchunksize=\count286
\LTcapwidth=\dimen178
\LT@head=\box51
\LT@firsthead=\box52
\LT@foot=\box53
\LT@lastfoot=\box54
\LT@cols=\count287
\LT@rows=\count288
\c@LT@tables=\count289
\c@LT@chunks=\count290
\LT@p@ftn=\toks28
) (/Users/mollylewis/Library/TinyTeX/texmf-dist/tex/latex/graphics/lscape.sty
Package: lscape 2000/10/22 v3.01 Landscape Pages (DPC)
) (/Users/mollylewis/Library/TinyTeX/texmf-dist/tex/latex/multirow/multirow.sty
Package: multirow 2019/05/31 v2.5 Span multiple rows of a table
\multirow@colwidth=\skip79
\multirow@cntb=\count291
\multirow@dima=\skip80
\bigstrutjot=\dimen179
) (/Users/mollylewis/Library/TinyTeX/texmf-dist/tex/latex/tools/tabularx.sty
Package: tabularx 2020/01/15 v2.11c `tabularx' package (DPC)
(/Users/mollylewis/Library/TinyTeX/texmf-dist/tex/latex/tools/array.sty
Package: array 2019/08/31 v2.4l Tabular extension package (FMi)
\col@sep=\dimen180
\ar@mcellbox=\box55
\extrarowheight=\dimen181
\NC@list=\toks29
\extratabsurround=\skip81
\backup@length=\skip82
\ar@cellbox=\box56
)
\TX@col@width=\dimen182
\TX@old@table=\dimen183
\TX@old@col=\dimen184
\TX@target=\dimen185
\TX@delta=\dimen186
\TX@cols=\count292
\TX@ftn=\toks30
)
(/Users/mollylewis/Library/TinyTeX/texmf-dist/tex/latex/threeparttablex/threepa
rttablex.sty
Package: threeparttablex 2013/07/23 v0.3 by daleif
(/Users/mollylewis/Library/TinyTeX/texmf-dist/tex/latex/environ/environ.sty
Package: environ 2014/05/04 v0.3 A new way to define environments

(/Users/mollylewis/Library/TinyTeX/texmf-dist/tex/latex/trimspaces/trimspaces.s
ty
Package: trimspaces 2009/09/17 v1.1 Trim spaces around a token list
))
\TPTL@width=\skip83
)
\longtablewidth=\skip84
(/Users/mollylewis/Library/TinyTeX/texmf-dist/tex/latex/setspace/setspace.sty
Package: setspace 2011/12/19 v6.7a set line spacing
) (/Users/mollylewis/Library/TinyTeX/texmf-dist/tex/latex/tabu/tabu.sty
Package: tabu 2019/01/11 v2.9 - flexible LaTeX tabulars (FC+tabu-fixed)
(/Users/mollylewis/Library/TinyTeX/texmf-dist/tex/latex/varwidth/varwidth.sty
Package: varwidth 2009/03/30 ver 0.92;  Variable-width minipages
\@vwid@box=\box57
\sift@deathcycles=\count293
\@vwid@loff=\dimen187
\@vwid@roff=\dimen188
)
\c@taburow=\count294
\tabu@nbcols=\count295
\tabu@cnt=\count296
\tabu@Xcol=\count297
\tabu@alloc=\count298
\tabu@nested=\count299
\tabu@target=\dimen189
\tabu@spreadtarget=\dimen190
\tabu@naturalX=\dimen191
\tabucolX=\dimen192
\tabu@Xsum=\dimen193
\extrarowdepth=\dimen194
\abovetabulinesep=\dimen195
\belowtabulinesep=\dimen196
\tabustrutrule=\dimen197
\tabu@thebody=\toks31
\tabu@footnotes=\toks32
\tabu@box=\box58
\tabu@arstrutbox=\box59
\tabu@hleads=\box60
\tabu@vleads=\box61
\tabu@cellskip=\skip85
) (/Users/mollylewis/Library/TinyTeX/texmf-dist/tex/latex/makecell/makecell.sty
Package: makecell 2009/08/03 V0.1e Managing of Tab Column Heads and Cells
\rotheadsize=\dimen198
\c@nlinenum=\count300
\TeXr@lab=\toks33
) (/Users/mollylewis/Library/TinyTeX/texmf-dist/tex/latex/pbox/pbox.sty
Package: pbox 2011/12/07 v1.2 Dynamic parboxes
(/Users/mollylewis/Library/TinyTeX/texmf-dist/tex/latex/tools/calc.sty
Package: calc 2017/05/25 v4.3 Infix arithmetic (KKT,FJ)
\calc@Acount=\count301
\calc@Bcount=\count302
\calc@Adimen=\dimen199
\calc@Bdimen=\dimen256
\calc@Askip=\skip86
\calc@Bskip=\skip87
LaTeX Info: Redefining \setlength on input line 80.
LaTeX Info: Redefining \addtolength on input line 81.
\calc@Ccount=\count303
\calc@Cskip=\skip88
) (/Users/mollylewis/Library/TinyTeX/texmf-dist/tex/latex/base/ifthen.sty
Package: ifthen 2014/09/29 v1.1c Standard LaTeX ifthen package (DPC)
)
\pb@xlen=\skip89
)
(/Users/mollylewis/Library/TinyTeX/texmf-dist/tex/generic/oberdiek/hyphsubst.st
y
Package: hyphsubst 2016/05/16 v0.3 Substitute hyphenation patterns (HO)
) (/Users/mollylewis/Library/TinyTeX/texmf-dist/tex/generic/babel/babel.sty
Package: babel 2020/04/28 3.43 The Babel package
(/Users/mollylewis/Library/TinyTeX/texmf-dist/tex/generic/babel/babel.def
File: babel.def 2020/04/28 3.43 Babel common definitions
\babel@savecnt=\count304
\U@D=\dimen257
(/Users/mollylewis/Library/TinyTeX/texmf-dist/tex/generic/babel/txtbabel.def)
\bbl@readstream=\read2
)
\bbl@dirlevel=\count305

(/Users/mollylewis/Library/TinyTeX/texmf-dist/tex/generic/babel-english/english
.ldf
Language: english 2017/06/06 v3.3r English support from the babel system
Package babel Info: \l@british = using hyphenrules for english
(babel)             (\language0) on input line 82.
Package babel Info: \l@UKenglish = using hyphenrules for english
(babel)             (\language0) on input line 83.
Package babel Info: \l@canadian = using hyphenrules for english
(babel)             (\language0) on input line 102.
Package babel Info: \l@australian = using hyphenrules for english
(babel)             (\language0) on input line 105.
Package babel Info: \l@newzealand = using hyphenrules for english
(babel)             (\language0) on input line 108.
)
(/Users/mollylewis/Library/TinyTeX/texmf-dist/tex/generic/babel-english/english
.ldf
Language: english 2017/06/06 v3.3r English support from the babel system
))
Package csquotes Info: Checking for multilingual support...
Package csquotes Info: ... found 'babel' package.
Package csquotes Info: Adjusting default style.
Package csquotes Info: Redefining alias 'default' -> 'english'.

(/Users/mollylewis/Library/TinyTeX/texmf-dist/tex/latex/l3backend/l3backend-pdf
mode.def
File: l3backend-pdfmode.def 2020-05-05 L3 backend support: PDF mode
\l__kernel_color_stack_int=\count306
\l__pdf_internal_box=\box62
) (./kidbookgender_psych_sci.aux)
\openout1 = `kidbookgender_psych_sci.aux'.

LaTeX Font Info:    Checking defaults for OML/cmm/m/it on input line 125.
LaTeX Font Info:    ... okay on input line 125.
LaTeX Font Info:    Checking defaults for OMS/cmsy/m/n on input line 125.
LaTeX Font Info:    ... okay on input line 125.
LaTeX Font Info:    Checking defaults for OT1/cmr/m/n on input line 125.
LaTeX Font Info:    ... okay on input line 125.
LaTeX Font Info:    Checking defaults for T1/cmr/m/n on input line 125.
LaTeX Font Info:    ... okay on input line 125.
LaTeX Font Info:    Checking defaults for TS1/cmr/m/n on input line 125.
LaTeX Font Info:    ... okay on input line 125.
LaTeX Font Info:    Checking defaults for OMX/cmex/m/n on input line 125.
LaTeX Font Info:    ... okay on input line 125.
LaTeX Font Info:    Checking defaults for U/cmr/m/n on input line 125.
LaTeX Font Info:    ... okay on input line 125.
LaTeX Font Info:    Checking defaults for PD1/pdf/m/n on input line 125.
LaTeX Font Info:    ... okay on input line 125.
LaTeX Font Info:    Checking defaults for PU/pdf/m/n on input line 125.
LaTeX Font Info:    ... okay on input line 125.
*geometry* driver: auto-detecting
*geometry* detected driver: pdftex
*geometry* verbose mode - [ preamble ] result:
* driver: pdftex
* paper: <default>
* layout: <same size as paper>
* layoutoffset:(h,v)=(0.0pt,0.0pt)
* modes: twoside 
* h-part:(L,W,R)=(72.26999pt, 469.75502pt, 72.26999pt)
* v-part:(T,H,B)=(72.26999pt, 650.43001pt, 72.26999pt)
* \paperwidth=614.295pt
* \paperheight=794.96999pt
* \textwidth=469.75502pt
* \textheight=650.43001pt
* \oddsidemargin=0.0pt
* \evensidemargin=0.0pt
* \topmargin=-37.0pt
* \headheight=15.2pt
* \headsep=25.0pt
* \topskip=12.0pt
* \footskip=30.0pt
* \marginparwidth=95.0pt
* \marginparsep=10.0pt
* \columnsep=10.0pt
* \skip\footins=10.8pt plus 4.0pt minus 2.0pt
* \hoffset=0.0pt
* \voffset=0.0pt
* \mag=1000
* \@twocolumnfalse
* \@twosidetrue
* \@mparswitchtrue
* \@reversemarginfalse
* (1in=72.27pt=25.4mm, 1cm=28.453pt)


(/Users/mollylewis/Library/TinyTeX/texmf-dist/tex/latex/epstopdf-pkg/epstopdf-b
ase.sty
Package: epstopdf-base 2020-01-24 v2.11 Base part for package epstopdf
(/Users/mollylewis/Library/TinyTeX/texmf-dist/tex/latex/grfext/grfext.sty
Package: grfext 2019/12/03 v1.3 Manage graphics extensions (HO)
)
Package epstopdf-base Info: Redefining graphics rule for `.eps' on input line 4
85.
Package grfext Info: Graphics extension search list:
(grfext)             [.pdf,.png,.jpg,.mps,.jpeg,.jbig2,.jb2,.PDF,.PNG,.JPG,.JPE
G,.JBIG2,.JB2,.eps]
(grfext)             \AppendGraphicsExtensions on input line 504.

(/Users/mollylewis/Library/TinyTeX/texmf-dist/tex/latex/latexconfig/epstopdf-sy
s.cfg
File: epstopdf-sys.cfg 2010/07/13 v1.3 Configuration of (r)epstopdf for TeX Liv
e
))
(/Users/mollylewis/Library/TinyTeX/texmf-dist/tex/latex/apa6/config/APAamerican
.txt
File: APAamerican.txt 2012/02/23 v1.25 apa6 configuration for American English
)
Package caption Info: Begin \AtBeginDocument code.
Package caption Info: float package is loaded.
Package caption Info: hyperref package is loaded.
Package caption Info: longtable package is loaded.
(/Users/mollylewis/Library/TinyTeX/texmf-dist/tex/latex/caption/ltcaption.sty
Package: ltcaption 2018/08/26 v1.4a longtable captions (AR)
)
Package caption Info: End \AtBeginDocument code.
\AtBeginShipoutBox=\box63
Package hyperref Info: Link coloring OFF on input line 125.
(/Users/mollylewis/Library/TinyTeX/texmf-dist/tex/latex/hyperref/nameref.sty
Package: nameref 2019/09/16 v2.46 Cross-referencing by name of section
(/Users/mollylewis/Library/TinyTeX/texmf-dist/tex/latex/refcount/refcount.sty
Package: refcount 2019/12/15 v3.6 Data extraction from label references (HO)
)
(/Users/mollylewis/Library/TinyTeX/texmf-dist/tex/generic/gettitlestring/gettit
lestring.sty
Package: gettitlestring 2019/12/15 v1.6 Cleanup title references (HO)
)
\c@section@level=\count307
)
LaTeX Info: Redefining \ref on input line 125.
LaTeX Info: Redefining \pageref on input line 125.
LaTeX Info: Redefining \nameref on input line 125.
(./kidbookgender_psych_sci.out) (./kidbookgender_psych_sci.out)
\@outlinefile=\write5
\openout5 = `kidbookgender_psych_sci.out'.

LaTeX Font Info:    Trying to load font information for OT1+lmr on input line 1
27.
(/Users/mollylewis/Library/TinyTeX/texmf-dist/tex/latex/lm/ot1lmr.fd
File: ot1lmr.fd 2009/10/30 v1.6 Font defs for Latin Modern
)
LaTeX Font Info:    Trying to load font information for OML+lmm on input line 1
27.
(/Users/mollylewis/Library/TinyTeX/texmf-dist/tex/latex/lm/omllmm.fd
File: omllmm.fd 2009/10/30 v1.6 Font defs for Latin Modern
)
LaTeX Font Info:    Trying to load font information for OMS+lmsy on input line 
127.
(/Users/mollylewis/Library/TinyTeX/texmf-dist/tex/latex/lm/omslmsy.fd
File: omslmsy.fd 2009/10/30 v1.6 Font defs for Latin Modern
)
LaTeX Font Info:    Trying to load font information for OMX+lmex on input line 
127.
(/Users/mollylewis/Library/TinyTeX/texmf-dist/tex/latex/lm/omxlmex.fd
File: omxlmex.fd 2009/10/30 v1.6 Font defs for Latin Modern
)
LaTeX Font Info:    External font `lmex10' loaded for size
(Font)              <12> on input line 127.
LaTeX Font Info:    External font `lmex10' loaded for size
(Font)              <8> on input line 127.
LaTeX Font Info:    External font `lmex10' loaded for size
(Font)              <6> on input line 127.
LaTeX Font Info:    Trying to load font information for U+msa on input line 127
.
(/Users/mollylewis/Library/TinyTeX/texmf-dist/tex/latex/amsfonts/umsa.fd
File: umsa.fd 2013/01/14 v3.01 AMS symbols A
)
LaTeX Font Info:    Trying to load font information for U+msb on input line 127
.
(/Users/mollylewis/Library/TinyTeX/texmf-dist/tex/latex/amsfonts/umsb.fd
File: umsb.fd 2013/01/14 v3.01 AMS symbols B
) [1{/Users/mollylewis/Library/TinyTeX/texmf-var/fonts/map/pdftex/updmap/pdftex
.map}

] [2] [3] [4] [5]
LaTeX Font Info:    External font `lmex10' loaded for size
(Font)              <10> on input line 159.
LaTeX Font Info:    External font `lmex10' loaded for size
(Font)              <7> on input line 159.
LaTeX Font Info:    External font `lmex10' loaded for size
(Font)              <5> on input line 159.
[6] [7] [8] [9]

LaTeX Warning: Reference `fig:charactercontentplot' on page 10 undefined on inp
ut line 232.

<kidbookgender_psych_sci_files/figure-latex/bookforest-1.pdf, id=143, 566.115pt
 x 569.12625pt>
File: kidbookgender_psych_sci_files/figure-latex/bookforest-1.pdf Graphic file 
(type pdf)
<use kidbookgender_psych_sci_files/figure-latex/bookforest-1.pdf>
Package pdftex.def Info: kidbookgender_psych_sci_files/figure-latex/bookforest-
1.pdf  used on input line 235.
(pdftex.def)             Requested size: 469.76303pt x 472.26178pt.
[10] [11 <./kidbookgender_psych_sci_files/figure-latex/bookforest-1.pdf>]
<kidbookgender_psych_sci_files/figure-latex/characterplot-1.pdf, id=163, 464.73
625pt x 317.185pt>
File: kidbookgender_psych_sci_files/figure-latex/characterplot-1.pdf Graphic fi
le (type pdf)
<use kidbookgender_psych_sci_files/figure-latex/characterplot-1.pdf>
Package pdftex.def Info: kidbookgender_psych_sci_files/figure-latex/characterpl
ot-1.pdf  used on input line 241.
(pdftex.def)             Requested size: 464.77055pt x 317.20839pt.
[12 <./kidbookgender_psych_sci_files/figure-latex/characterplot-1.pdf>] [13] [1
4] [15]
Overfull \hbox (37.99031pt too wide) in alignment at lines 315--315
 [] [] [] 
 []

[16]
<kidbookgender_psych_sci_files/figure-latex/languageiat-1.pdf, id=222, 463.7325
pt x 272.01625pt>
File: kidbookgender_psych_sci_files/figure-latex/languageiat-1.pdf Graphic file
 (type pdf)
<use kidbookgender_psych_sci_files/figure-latex/languageiat-1.pdf>
Package pdftex.def Info: kidbookgender_psych_sci_files/figure-latex/languageiat
-1.pdf  used on input line 322.
(pdftex.def)             Requested size: 463.75258pt x 272.02803pt.
[17 <./kidbookgender_psych_sci_files/figure-latex/languageiat-1.pdf>]

Package hyperref Warning: Difference (2) between bookmark levels is greater 
(hyperref)                than one, level fixed on input line 337.

[18]
<kidbookgender_psych_sci_files/figure-latex/characterplots-1.pdf, id=242, 269.0
05pt x 265.99374pt>
File: kidbookgender_psych_sci_files/figure-latex/characterplots-1.pdf Graphic f
ile (type pdf)
<use kidbookgender_psych_sci_files/figure-latex/characterplots-1.pdf>
Package pdftex.def Info: kidbookgender_psych_sci_files/figure-latex/characterpl
ots-1.pdf  used on input line 342.
(pdftex.def)             Requested size: 269.00844pt x 265.99713pt.
[19 <./kidbookgender_psych_sci_files/figure-latex/characterplots-1.pdf>] [20] [
21] [22] [23] [24] [25] [26] [27]pdfTeX warning (ext4): destination with the sa
me identifier (name{ref-bian2017gender}) has been already used, duplicate ignor
ed
<to be read again> 
                   \relax 
l.490 ...vevmode\hypertarget{ref-bian2017gender}{}
                                                  %pdfTeX warning (ext4): desti
nation with the same identifier (name{ref-bojanowski2016enriching}) has been al
ready used, duplicate ignored
<to be read again> 
                   \relax 
l.493 ...ypertarget{ref-bojanowski2016enriching}{}
                                                  %pdfTeX warning (ext4): desti
nation with the same identifier (name{ref-bus1995joint}) has been already used,
 duplicate ignored
<to be read again> 
                   \relax 
l.496 \leavevmode\hypertarget{ref-bus1995joint}{}
                                                 %pdfTeX warning (ext4): destin
ation with the same identifier (name{ref-bussey1999social}) has been already us
ed, duplicate ignored
<to be read again> 
                   \relax 
l.499 ...vmode\hypertarget{ref-bussey1999social}{}
                                                  %pdfTeX warning (ext4): desti
nation with the same identifier (name{ref-caliskan2017semantics}) has been alre
ady used, duplicate ignored
<to be read again> 
                   \relax 
l.502 ...\hypertarget{ref-caliskan2017semantics}{}
                                                  %pdfTeX warning (ext4): desti
nation with the same identifier (name{ref-chen2017evaluating}) has been already
 used, duplicate ignored
<to be read again> 
                   \relax 
l.505 ...ode\hypertarget{ref-chen2017evaluating}{}
                                                  %pdfTeX warning (ext4): desti
nation with the same identifier (name{ref-chick2002impact}) has been already us
ed, duplicate ignored
<to be read again> 
                   \relax 
l.508 ...evmode\hypertarget{ref-chick2002impact}{}
                                                  %pdfTeX warning (ext4): desti
nation with the same identifier (name{ref-cimpian2011generic}) has been already
 used, duplicate ignored
<to be read again> 
                   \relax 
l.511 ...ode\hypertarget{ref-cimpian2011generic}{}
                                                  % [28]pdfTeX warning (ext4): 
destination with the same identifier (name{ref-cvencek2011measuring}) has been 
already used, duplicate ignored
<to be read again> 
                   \relax 
l.514 ...e\hypertarget{ref-cvencek2011measuring}{}
                                                  %pdfTeX warning (ext4): desti
nation with the same identifier (name{ref-cvencek2011math}) has been already us
ed, duplicate ignored
<to be read again> 
                   \relax 
l.517 ...evmode\hypertarget{ref-cvencek2011math}{}
                                                  %pdfTeX warning (ext4): desti
nation with the same identifier (name{ref-time_100_kidbooks}) has been already 
used, duplicate ignored
<to be read again> 
                   \relax 
l.520 ...mode\hypertarget{ref-time_100_kidbooks}{}
                                                  %pdfTeX warning (ext4): desti
nation with the same identifier (name{ref-davies2008corpus}) has been already u
sed, duplicate ignored
<to be read again> 
                   \relax 
l.523 ...vmode\hypertarget{ref-davies2008corpus}{}
                                                  %pdfTeX warning (ext4): desti
nation with the same identifier (name{ref-diekman2004learning}) has been alread
y used, duplicate ignored
<to be read again> 
                   \relax 
l.526 ...de\hypertarget{ref-diekman2004learning}{}
                                                  %pdfTeX warning (ext4): desti
nation with the same identifier (name{ref-duursma2008reading}) has been already
 used, duplicate ignored
<to be read again> 
                   \relax 
l.529 ...ode\hypertarget{ref-duursma2008reading}{}
                                                  %pdfTeX warning (ext4): desti
nation with the same identifier (name{ref-gelman2000gender}) has been already u
sed, duplicate ignored
<to be read again> 
                   \relax 
l.532 ...vmode\hypertarget{ref-gelman2000gender}{}
                                                  %pdfTeX warning (ext4): desti
nation with the same identifier (name{ref-greenwald2002unified}) has been alrea
dy used, duplicate ignored
<to be read again> 
                   \relax 
l.535 ...e\hypertarget{ref-greenwald2002unified}{}
                                                  %pdfTeX warning (ext4): desti
nation with the same identifier (name{ref-gulgoz2019similarity}) has been alrea
dy used, duplicate ignored
<to be read again> 
                   \relax 
l.538 ...e\hypertarget{ref-gulgoz2019similarity}{}
                                                  % [29]pdfTeX warning (ext4): 
destination with the same identifier (name{ref-high2014literacy}) has been alre
ady used, duplicate ignored
<to be read again> 
                   \relax 
l.541 ...vmode\hypertarget{ref-high2014literacy}{}
                                                  %pdfTeX warning (ext4): desti
nation with the same identifier (name{ref-hill2015simlex}) has been already use
d, duplicate ignored
<to be read again> 
                   \relax 
l.544 ...vevmode\hypertarget{ref-hill2015simlex}{}
                                                  %pdfTeX warning (ext4): desti
nation with the same identifier (name{ref-hilliard2010differing}) has been alre
ady used, duplicate ignored
<to be read again> 
                   \relax 
l.547 ...\hypertarget{ref-hilliard2010differing}{}
                                                  %pdfTeX warning (ext4): desti
nation with the same identifier (name{ref-kam_2017}) has been already used, dup
licate ignored
<to be read again> 
                   \relax 
l.550 \leavevmode\hypertarget{ref-kam_2017}{}
                                             %pdfTeX warning (ext4): destinatio
n with the same identifier (name{ref-landauer1997solution}) has been already us
ed, duplicate ignored
<to be read again> 
                   \relax 
l.553 ...e\hypertarget{ref-landauer1997solution}{}
                                                  %pdfTeX warning (ext4): desti
nation with the same identifier (name{ref-lewis2016understanding}) has been alr
eady used, duplicate ignored
<to be read again> 
                   \relax 
l.556 ...hypertarget{ref-lewis2016understanding}{}
                                                  %pdfTeX warning (ext4): desti
nation with the same identifier (name{ref-lewis2019we}) has been already used, 
duplicate ignored
<to be read again> 
                   \relax 
l.559 \leavevmode\hypertarget{ref-lewis2019we}{}
                                                %pdfTeX warning (ext4): destina
tion with the same identifier (name{ref-maaten2008visualizing}) has been alread
y used, duplicate ignored
<to be read again> 
                   \relax 
l.562 ...\hypertarget{ref-maaten2008visualizing}{}
                                                  %pdfTeX warning (ext4): desti
nation with the same identifier (name{ref-martin2004children}) has been already
 used, duplicate ignored
<to be read again> 
                   \relax 
l.565 ...ode\hypertarget{ref-martin2004children}{}
                                                  % [30]pdfTeX warning (ext4): 
destination with the same identifier (name{ref-mikolov2013efficient}) has been 
already used, duplicate ignored
<to be read again> 
                   \relax 
l.568 ...e\hypertarget{ref-mikolov2013efficient}{}
                                                  %pdfTeX warning (ext4): desti
nation with the same identifier (name{ref-montag2015words}) has been already us
ed, duplicate ignored
<to be read again> 
                   \relax 
l.571 ...evmode\hypertarget{ref-montag2015words}{}
                                                  %pdfTeX warning (ext4): desti
nation with the same identifier (name{ref-nosek2002harvesting}) has been alread
y used, duplicate ignored
<to be read again> 
                   \relax 
l.574 ...de\hypertarget{ref-nosek2002harvesting}{}
                                                  %pdfTeX warning (ext4): desti
nation with the same identifier (name{ref-poulin2002men}) has been already used
, duplicate ignored
<to be read again> 
                   \relax 
l.577 \leavevmode\hypertarget{ref-poulin2002men}{}
                                                  %pdfTeX warning (ext4): desti
nation with the same identifier (name{ref-rudman2004gender}) has been already u
sed, duplicate ignored
<to be read again> 
                   \relax 
l.580 ...vmode\hypertarget{ref-rudman2004gender}{}
                                                  %pdfTeX warning (ext4): desti
nation with the same identifier (name{ref-scott2019glasgow}) has been already u
sed, duplicate ignored
<to be read again> 
                   \relax 
l.583 ...vmode\hypertarget{ref-scott2019glasgow}{}
                                                  %pdfTeX warning (ext4): desti
nation with the same identifier (name{ref-shutts2010social}) has been already u
sed, duplicate ignored
<to be read again> 
                   \relax 
l.586 ...vmode\hypertarget{ref-shutts2010social}{}
                                                  %pdfTeX warning (ext4): desti
nation with the same identifier (name{ref-skowronski2001comparative}) has been 
already used, duplicate ignored
<to be read again> 
                   \relax 
l.589 ...ertarget{ref-skowronski2001comparative}{}
                                                  % [31]pdfTeX warning (ext4): 
destination with the same identifier (name{ref-snow1998preventing}) has been al
ready used, duplicate ignored
<to be read again> 
                   \relax 
l.592 ...ode\hypertarget{ref-snow1998preventing}{}
                                                  %pdfTeX warning (ext4): desti
nation with the same identifier (name{ref-wagner2017factors}) has been already 
used, duplicate ignored
<to be read again> 
                   \relax 
l.595 ...mode\hypertarget{ref-wagner2017factors}{}
                                                  %pdfTeX warning (ext4): desti
nation with the same identifier (name{ref-weisgram2014pink}) has been already u
sed, duplicate ignored
<to be read again> 
                   \relax 
l.598 ...vmode\hypertarget{ref-weisgram2014pink}{}
                                                  %pdfTeX warning (ext4): desti
nation with the same identifier (name{ref-xu2007b}) has been already used, dupl
icate ignored
<to be read again> 
                   \relax 
l.601 \leavevmode\hypertarget{ref-xu2007b}{}
                                            % AED endfloat: Processing end Figu
res and Tables [32]
Package atveryend Info: Empty hook `BeforeClearDocument' on input line 604.
Package atveryend Info: Empty hook `AfterLastShipout' on input line 604.
(./kidbookgender_psych_sci.aux)
Package atveryend Info: Executing hook `AtVeryEndDocument' on input line 604.
Package atveryend Info: Executing hook `AtEndAfterFileList' on input line 604.
Package rerunfilecheck Info: File `kidbookgender_psych_sci.out' has not changed
.
(rerunfilecheck)             Checksum: C1C1E3C068E2B153A10F312CB4ECF039;4020.

LaTeX Warning: There were undefined references.

 ) 
Here is how much of TeX's memory you used:
 15712 strings out of 482604
 231179 string characters out of 5950847
 514876 words of memory out of 5000000
 30836 multiletter control sequences out of 15000+600000
 624846 words of font info for 100 fonts, out of 8000000 for 9000
 14 hyphenation exceptions out of 8191
 49i,17n,51p,1743b,679s stack positions out of 5000i,500n,10000p,200000b,80000s
pdfTeX warning (dest): name{Hfootnote.1} has been referenced but does not exi
st, replaced by a fixed one

{/Users/mollylewis/Library/TinyTeX/texmf-dist/fonts/enc/dvips/lm/lm-ec.enc}{/Us
ers/mollylewis/Library/TinyTeX/texmf-dist/fonts/enc/dvips/lm/lm-mathit.enc}{/Us
ers/mollylewis/Library/TinyTeX/texmf-dist/fonts/enc/dvips/lm/lm-rm.enc}</Users/
mollylewis/Library/TinyTeX/texmf-dist/fonts/type1/public/lm/lmbx12.pfb></Users/
mollylewis/Library/TinyTeX/texmf-dist/fonts/type1/public/lm/lmmi12.pfb></Users/
mollylewis/Library/TinyTeX/texmf-dist/fonts/type1/public/lm/lmmi7.pfb></Users/m
ollylewis/Library/TinyTeX/texmf-dist/fonts/type1/public/lm/lmr10.pfb></Users/mo
llylewis/Library/TinyTeX/texmf-dist/fonts/type1/public/lm/lmr12.pfb></Users/mol
lylewis/Library/TinyTeX/texmf-dist/fonts/type1/public/lm/lmr7.pfb></Users/molly
lewis/Library/TinyTeX/texmf-dist/fonts/type1/public/lm/lmr8.pfb></Users/mollyle
wis/Library/TinyTeX/texmf-dist/fonts/type1/public/lm/lmr9.pfb></Users/mollylewi
s/Library/TinyTeX/texmf-dist/fonts/type1/public/lm/lmri12.pfb></Users/mollylewi
s/Library/TinyTeX/texmf-dist/fonts/type1/public/lm/lmri7.pfb></Users/mollylewis
/Library/TinyTeX/texmf-dist/fonts/type1/public/lm/lmri9.pfb>
Output written on kidbookgender_psych_sci.pdf (32 pages, 410995 bytes).
PDF statistics:
 427 PDF objects out of 1000 (max. 8388607)
 366 compressed objects within 4 object streams
 118 named destinations out of 1000 (max. 500000)
 173 words of extra memory for PDF output out of 10000 (max. 10000000)

